<?xml version="1.0" encoding="UTF-8"?>
<testsuite xmlns:xsi="http://www.w3.org/2001/XMLSchema-instance" xsi:noNamespaceSchemaLocation="https://maven.apache.org/surefire/maven-surefire-plugin/xsd/surefire-test-report.xsd" name="com.provigil.service.test.CalculatorServiceTest" time="9.846" tests="6" errors="0" skipped="0" failures="0">
  <properties>
[...]
</properties>
  <testcase name="whenOutdoorMonthly4000ThenCost8500" classname="com.provigil.service.test.CalculatorServiceTest" time="1.093"/>
  <testcase name="whenIndoorMonthly2500ThenCost5000" classname="com.provigil.service.test.CalculatorServiceTest" time="0.012"/>
  <testcase name="whenIndoorYearly25000ThenCost18250" classname="com.provigil.service.test.CalculatorServiceTest" time="0.015"/>
  <testcase name="whenIndoorMonthly25000ThenCost28750" classname="com.provigil.service.test.CalculatorServiceTest" time="0.015"/>
  <testcase name="whenIndoorYearly2500ThenCost3750" classname="com.provigil.service.test.CalculatorServiceTest" time="0.015"/>
  <testcase name="whenOutdoorYearly4000ThenCost6500" classname="com.provigil.service.test.CalculatorServiceTest" time="0.013"/>
</testsuite>